# JRE version: Java(TM) SE Runtime Environment (8.0_05-b13) (build 1.8.0_05-b13)
# Java VM: Java HotSpot(TM) 64-Bit Server VM (25.5-b02 mixed mode windows-amd64 compressed oops)
Heap:
 PSYoungGen      total 169472K, used 50233K [0x00000000f0000000, 0x00000000ffb00000, 0x0000000100000000)
  eden space 138240K, 13% used [0x00000000f0000000,0x00000000f12b9ed8,0x00000000f8700000)
  from space 31232K, 99% used [0x00000000f8700000,0x00000000fa554650,0x00000000fa580000)
  to   space 59392K, 0% used [0x00000000fc100000,0x00000000fc100000,0x00000000ffb00000)
 ParOldGen       total 104960K, used 90260K [0x00000000d0000000, 0x00000000d6680000, 0x00000000f0000000)
  object space 104960K, 85% used [0x00000000d0000000,0x00000000d5825278,0x00000000d6680000)
 Metaspace       used 67296K, capacity 69072K, committed 69248K, reserved 1110016K
  class space    used 7242K, capacity 7725K, committed 7808K, reserved 1048576K
GC Heap History (10 events):
Event: 67.604 GC heap before
{Heap before GC invocations=66 (full 5):
 PSYoungGen      total 200192K, used 188933K [0x00000000f0000000, 0x0000000100000000, 0x0000000100000000)
  eden space 148480K, 97% used [0x00000000f0000000,0x00000000f8cd5160,0x00000000f9100000)
  from space 51712K, 86% used [0x00000000fcd80000,0x00000000ff92c518,0x0000000100000000)
  to   space 56832K, 0% used [0x00000000f9100000,0x00000000f9100000,0x00000000fc880000)
 ParOldGen       total 76800K, used 67044K [0x00000000d0000000, 0x00000000d4b00000, 0x00000000f0000000)
  object space 76800K, 87% used [0x00000000d0000000,0x00000000d4179288,0x00000000d4b00000)
 Metaspace       used 65369K, capacity 67056K, committed 67200K, reserved 1110016K
  class space    used 6956K, capacity 7456K, committed 7552K, reserved 1048576K
Event: 67.689 GC heap after
Heap after GC invocations=66 (full 5):
 PSYoungGen      total 197632K, used 48719K [0x00000000f0000000, 0x0000000100000000, 0x0000000100000000)
  eden space 148480K, 0% used [0x00000000f0000000,0x00000000f0000000,0x00000000f9100000)
  from space 49152K, 99% used [0x00000000f9100000,0x00000000fc093e78,0x00000000fc100000)
  to   space 62464K, 0% used [0x00000000fc300000,0x00000000fc300000,0x0000000100000000)
 ParOldGen       total 76800K, used 71226K [0x00000000d0000000, 0x00000000d4b00000, 0x00000000f0000000)
  object space 76800K, 92% used [0x00000000d0000000,0x00000000d458e938,0x00000000d4b00000)
 Metaspace       used 65369K, capacity 67056K, committed 67200K, reserved 1110016K
  class space    used 6956K, capacity 7456K, committed 7552K, reserved 1048576K
}
Event: 67.689 GC heap before
{Heap before GC invocations=67 (full 6):
 PSYoungGen      total 197632K, used 48719K [0x00000000f0000000, 0x0000000100000000, 0x0000000100000000)
  eden space 148480K, 0% used [0x00000000f0000000,0x00000000f0000000,0x00000000f9100000)
  from space 49152K, 99% used [0x00000000f9100000,0x00000000fc093e78,0x00000000fc100000)
  to   space 62464K, 0% used [0x00000000fc300000,0x00000000fc300000,0x0000000100000000)
 ParOldGen       total 76800K, used 71226K [0x00000000d0000000, 0x00000000d4b00000, 0x00000000f0000000)
  object space 76800K, 92% used [0x00000000d0000000,0x00000000d458e938,0x00000000d4b00000)
 Metaspace       used 65369K, capacity 67056K, committed 67200K, reserved 1110016K
  class space    used 6956K, capacity 7456K, committed 7552K, reserved 1048576K
Event: 69.006 GC heap after
Heap after GC invocations=67 (full 6):
 PSYoungGen      total 197632K, used 40497K [0x00000000f0000000, 0x0000000100000000, 0x0000000100000000)
  eden space 148480K, 0% used [0x00000000f0000000,0x00000000f0000000,0x00000000f9100000)
  from space 49152K, 82% used [0x00000000f9100000,0x00000000fb88c6b8,0x00000000fc100000)
  to   space 62464K, 0% used [0x00000000fc300000,0x00000000fc300000,0x0000000100000000)
 ParOldGen       total 89088K, used 76445K [0x00000000d0000000, 0x00000000d5700000, 0x00000000f0000000)
  object space 89088K, 85% used [0x00000000d0000000,0x00000000d4aa7610,0x00000000d5700000)
 Metaspace       used 65362K, capacity 67044K, committed 67200K, reserved 1110016K
  class space    used 6955K, capacity 7454K, committed 7552K, reserved 1048576K
}
Event: 77.200 GC heap before
{Heap before GC invocations=68 (full 6):
 PSYoungGen      total 197632K, used 187622K [0x00000000f0000000, 0x0000000100000000, 0x0000000100000000)
  eden space 148480K, 99% used [0x00000000f0000000,0x00000000f8fad400,0x00000000f9100000)
  from space 49152K, 82% used [0x00000000f9100000,0x00000000fb88c6b8,0x00000000fc100000)
  to   space 62464K, 0% used [0x00000000fc300000,0x00000000fc300000,0x0000000100000000)
 ParOldGen       total 89088K, used 76445K [0x00000000d0000000, 0x00000000d5700000, 0x00000000f0000000)
  object space 89088K, 85% used [0x00000000d0000000,0x00000000d4aa7610,0x00000000d5700000)
 Metaspace       used 66715K, capacity 68388K, committed 68608K, reserved 1110016K
  class space    used 7136K, capacity 7646K, committed 7680K, reserved 1048576K
Event: 77.353 GC heap after
Heap after GC invocations=68 (full 6):
 PSYoungGen      total 200704K, used 35067K [0x00000000f0000000, 0x0000000100000000, 0x0000000100000000)
  eden space 138240K, 0% used [0x00000000f0000000,0x00000000f0000000,0x00000000f8700000)
  from space 62464K, 56% used [0x00000000fc300000,0x00000000fe53ec38,0x0000000100000000)
  to   space 61440K, 0% used [0x00000000f8700000,0x00000000f8700000,0x00000000fc300000)
 ParOldGen       total 89088K, used 83997K [0x00000000d0000000, 0x00000000d5700000, 0x00000000f0000000)
  object space 89088K, 94% used [0x00000000d0000000,0x00000000d5207418,0x00000000d5700000)
 Metaspace       used 66715K, capacity 68388K, committed 68608K, reserved 1110016K
  class space    used 7136K, capacity 7646K, committed 7680K, reserved 1048576K
}
Event: 77.353 GC heap before
{Heap before GC invocations=69 (full 7):
 PSYoungGen      total 200704K, used 35067K [0x00000000f0000000, 0x0000000100000000, 0x0000000100000000)
  eden space 138240K, 0% used [0x00000000f0000000,0x00000000f0000000,0x00000000f8700000)
  from space 62464K, 56% used [0x00000000fc300000,0x00000000fe53ec38,0x0000000100000000)
  to   space 61440K, 0% used [0x00000000f8700000,0x00000000f8700000,0x00000000fc300000)
 ParOldGen       total 89088K, used 83997K [0x00000000d0000000, 0x00000000d5700000, 0x00000000f0000000)
  object space 89088K, 94% used [0x00000000d0000000,0x00000000d5207418,0x00000000d5700000)
 Metaspace       used 66715K, capacity 68388K, committed 68608K, reserved 1110016K
  class space    used 7136K, capacity 7646K, committed 7680K, reserved 1048576K
Event: 78.579 GC heap after
Heap after GC invocations=69 (full 7):
 PSYoungGen      total 200704K, used 29667K [0x00000000f0000000, 0x0000000100000000, 0x0000000100000000)
  eden space 138240K, 0% used [0x00000000f0000000,0x00000000f0000000,0x00000000f8700000)
  from space 62464K, 47% used [0x00000000fc300000,0x00000000fdff8f40,0x0000000100000000)
  to   space 61440K, 0% used [0x00000000f8700000,0x00000000f8700000,0x00000000fc300000)
 ParOldGen       total 104960K, used 88900K [0x00000000d0000000, 0x00000000d6680000, 0x00000000f0000000)
  object space 104960K, 84% used [0x00000000d0000000,0x00000000d56d1278,0x00000000d6680000)
 Metaspace       used 66715K, capacity 68388K, committed 68608K, reserved 1110016K
  class space    used 7136K, capacity 7646K, committed 7680K, reserved 1048576K
}
Event: 81.769 GC heap before
{Heap before GC invocations=70 (full 7):
 PSYoungGen      total 200704K, used 167907K [0x00000000f0000000, 0x0000000100000000, 0x0000000100000000)
  eden space 138240K, 100% used [0x00000000f0000000,0x00000000f8700000,0x00000000f8700000)
  from space 62464K, 47% used [0x00000000fc300000,0x00000000fdff8f40,0x0000000100000000)
  to   space 61440K, 0% used [0x00000000f8700000,0x00000000f8700000,0x00000000fc300000)
 ParOldGen       total 104960K, used 88900K [0x00000000d0000000, 0x00000000d6680000, 0x00000000f0000000)
  object space 104960K, 84% used [0x00000000d0000000,0x00000000d56d1278,0x00000000d6680000)
 Metaspace       used 67161K, capacity 68894K, committed 68992K, reserved 1110016K
  class space    used 7213K, capacity 7712K, committed 7808K, reserved 1048576K
Event: 81.926 GC heap after
Heap after GC invocations=70 (full 7):
 PSYoungGen      total 169472K, used 31057K [0x00000000f0000000, 0x00000000ffb00000, 0x0000000100000000)
  eden space 138240K, 0% used [0x00000000f0000000,0x00000000f0000000,0x00000000f8700000)
  from space 31232K, 99% used [0x00000000f8700000,0x00000000fa554650,0x00000000fa580000)
  to   space 59392K, 0% used [0x00000000fc100000,0x00000000fc100000,0x00000000ffb00000)
 ParOldGen       total 104960K, used 90260K [0x00000000d0000000, 0x00000000d6680000, 0x00000000f0000000)
  object space 104960K, 85% used [0x00000000d0000000,0x00000000d5825278,0x00000000d6680000)
 Metaspace       used 67161K, capacity 68894K, committed 68992K, reserved 1110016K
  class space    used 7213K, capacity 7712K, committed 7808K, reserved 1048576K
}

