# JRE version: Java(TM) SE Runtime Environment (8.0_05-b13) (build 1.8.0_05-b13)
# Java VM: Java HotSpot(TM) 64-Bit Server VM (25.5-b02 mixed mode windows-amd64 compressed oops)
Heap:
 PSYoungGen      total 219648K, used 193148K [0x00000000f0000000, 0x0000000100000000, 0x0000000100000000)
  eden space 186368K, 86% used [0x00000000f0000000,0x00000000f9c88458,0x00000000fb600000)
  from space 33280K, 98% used [0x00000000fdf80000,0x00000000fff96d80,0x0000000100000000)
  to   space 37888K, 0% used [0x00000000fb600000,0x00000000fb600000,0x00000000fdb00000)
 ParOldGen       total 103424K, used 86331K [0x00000000d0000000, 0x00000000d6500000, 0x00000000f0000000)
  object space 103424K, 83% used [0x00000000d0000000,0x00000000d544ede0,0x00000000d6500000)
 Metaspace       used 67251K, capacity 69010K, committed 69248K, reserved 1110016K
  class space    used 7241K, capacity 7722K, committed 7808K, reserved 1048576K
GC Heap History (10 events):
Event: 97.378 GC heap before
{Heap before GC invocations=61 (full 6):
 PSYoungGen      total 228352K, used 228340K [0x00000000f0000000, 0x0000000100000000, 0x0000000100000000)
  eden space 203776K, 100% used [0x00000000f0000000,0x00000000fc700000,0x00000000fc700000)
  from space 24576K, 99% used [0x00000000fe800000,0x00000000ffffd2e8,0x0000000100000000)
  to   space 29184K, 0% used [0x00000000fc700000,0x00000000fc700000,0x00000000fe380000)
 ParOldGen       total 86528K, used 71860K [0x00000000d0000000, 0x00000000d5480000, 0x00000000f0000000)
  object space 86528K, 83% used [0x00000000d0000000,0x00000000d462d048,0x00000000d5480000)
 Metaspace       used 61040K, capacity 62676K, committed 62848K, reserved 1105920K
  class space    used 6535K, capacity 6992K, committed 7040K, reserved 1048576K
Event: 97.447 GC heap after
Heap after GC invocations=61 (full 6):
 PSYoungGen      total 226304K, used 22206K [0x00000000f0000000, 0x0000000100000000, 0x0000000100000000)
  eden space 203776K, 0% used [0x00000000f0000000,0x00000000f0000000,0x00000000fc700000)
  from space 22528K, 98% used [0x00000000fc700000,0x00000000fdcafac0,0x00000000fdd00000)
  to   space 31232K, 0% used [0x00000000fe180000,0x00000000fe180000,0x0000000100000000)
 ParOldGen       total 86528K, used 80521K [0x00000000d0000000, 0x00000000d5480000, 0x00000000f0000000)
  object space 86528K, 93% used [0x00000000d0000000,0x00000000d4ea2418,0x00000000d5480000)
 Metaspace       used 61040K, capacity 62676K, committed 62848K, reserved 1105920K
  class space    used 6535K, capacity 6992K, committed 7040K, reserved 1048576K
}
Event: 97.447 GC heap before
{Heap before GC invocations=62 (full 7):
 PSYoungGen      total 226304K, used 22206K [0x00000000f0000000, 0x0000000100000000, 0x0000000100000000)
  eden space 203776K, 0% used [0x00000000f0000000,0x00000000f0000000,0x00000000fc700000)
  from space 22528K, 98% used [0x00000000fc700000,0x00000000fdcafac0,0x00000000fdd00000)
  to   space 31232K, 0% used [0x00000000fe180000,0x00000000fe180000,0x0000000100000000)
 ParOldGen       total 86528K, used 80521K [0x00000000d0000000, 0x00000000d5480000, 0x00000000f0000000)
  object space 86528K, 93% used [0x00000000d0000000,0x00000000d4ea2418,0x00000000d5480000)
 Metaspace       used 61040K, capacity 62676K, committed 62848K, reserved 1105920K
  class space    used 6535K, capacity 6992K, committed 7040K, reserved 1048576K
Event: 99.192 GC heap after
Heap after GC invocations=62 (full 7):
 PSYoungGen      total 226304K, used 13819K [0x00000000f0000000, 0x0000000100000000, 0x0000000100000000)
  eden space 203776K, 0% used [0x00000000f0000000,0x00000000f0000000,0x00000000fc700000)
  from space 22528K, 61% used [0x00000000fc700000,0x00000000fd47ecc0,0x00000000fdd00000)
  to   space 31232K, 0% used [0x00000000fe180000,0x00000000fe180000,0x0000000100000000)
 ParOldGen       total 103424K, used 86307K [0x00000000d0000000, 0x00000000d6500000, 0x00000000f0000000)
  object space 103424K, 83% used [0x00000000d0000000,0x00000000d5448de0,0x00000000d6500000)
 Metaspace       used 61040K, capacity 62676K, committed 62848K, reserved 1105920K
  class space    used 6535K, capacity 6992K, committed 7040K, reserved 1048576K
}
Event: 101.273 GC heap before
{Heap before GC invocations=63 (full 7):
 PSYoungGen      total 226304K, used 217595K [0x00000000f0000000, 0x0000000100000000, 0x0000000100000000)
  eden space 203776K, 100% used [0x00000000f0000000,0x00000000fc700000,0x00000000fc700000)
  from space 22528K, 61% used [0x00000000fc700000,0x00000000fd47ecc0,0x00000000fdd00000)
  to   space 31232K, 0% used [0x00000000fe180000,0x00000000fe180000,0x0000000100000000)
 ParOldGen       total 103424K, used 86307K [0x00000000d0000000, 0x00000000d6500000, 0x00000000f0000000)
  object space 103424K, 83% used [0x00000000d0000000,0x00000000d5448de0,0x00000000d6500000)
 Metaspace       used 62186K, capacity 63782K, committed 64000K, reserved 1105920K
  class space    used 6664K, capacity 7123K, committed 7168K, reserved 1048576K
Event: 101.343 GC heap after
Heap after GC invocations=63 (full 7):
 PSYoungGen      total 231936K, used 16436K [0x00000000f0000000, 0x0000000100000000, 0x0000000100000000)
  eden space 200704K, 0% used [0x00000000f0000000,0x00000000f0000000,0x00000000fc400000)
  from space 31232K, 52% used [0x00000000fe180000,0x00000000ff18d008,0x0000000100000000)
  to   space 30208K, 0% used [0x00000000fc400000,0x00000000fc400000,0x00000000fe180000)
 ParOldGen       total 103424K, used 86315K [0x00000000d0000000, 0x00000000d6500000, 0x00000000f0000000)
  object space 103424K, 83% used [0x00000000d0000000,0x00000000d544ade0,0x00000000d6500000)
 Metaspace       used 62186K, capacity 63782K, committed 64000K, reserved 1105920K
  class space    used 6664K, capacity 7123K, committed 7168K, reserved 1048576K
}
Event: 106.242 GC heap before
{Heap before GC invocations=64 (full 7):
 PSYoungGen      total 231936K, used 217140K [0x00000000f0000000, 0x0000000100000000, 0x0000000100000000)
  eden space 200704K, 100% used [0x00000000f0000000,0x00000000fc400000,0x00000000fc400000)
  from space 31232K, 52% used [0x00000000fe180000,0x00000000ff18d008,0x0000000100000000)
  to   space 30208K, 0% used [0x00000000fc400000,0x00000000fc400000,0x00000000fe180000)
 ParOldGen       total 103424K, used 86315K [0x00000000d0000000, 0x00000000d6500000, 0x00000000f0000000)
  object space 103424K, 83% used [0x00000000d0000000,0x00000000d544ade0,0x00000000d6500000)
 Metaspace       used 64168K, capacity 65832K, committed 65920K, reserved 1107968K
  class space    used 6787K, capacity 7262K, committed 7296K, reserved 1048576K
Event: 106.310 GC heap after
Heap after GC invocations=64 (full 7):
 PSYoungGen      total 226816K, used 26098K [0x00000000f0000000, 0x0000000100000000, 0x0000000100000000)
  eden space 200704K, 0% used [0x00000000f0000000,0x00000000f0000000,0x00000000fc400000)
  from space 26112K, 99% used [0x00000000fc400000,0x00000000fdd7c950,0x00000000fdd80000)
  to   space 33280K, 0% used [0x00000000fdf80000,0x00000000fdf80000,0x0000000100000000)
 ParOldGen       total 103424K, used 86323K [0x00000000d0000000, 0x00000000d6500000, 0x00000000f0000000)
  object space 103424K, 83% used [0x00000000d0000000,0x00000000d544cde0,0x00000000d6500000)
 Metaspace       used 64168K, capacity 65832K, committed 65920K, reserved 1107968K
  class space    used 6787K, capacity 7262K, committed 7296K, reserved 1048576K
}
Event: 108.448 GC heap before
{Heap before GC invocations=65 (full 7):
 PSYoungGen      total 226816K, used 226802K [0x00000000f0000000, 0x0000000100000000, 0x0000000100000000)
  eden space 200704K, 100% used [0x00000000f0000000,0x00000000fc400000,0x00000000fc400000)
  from space 26112K, 99% used [0x00000000fc400000,0x00000000fdd7c950,0x00000000fdd80000)
  to   space 33280K, 0% used [0x00000000fdf80000,0x00000000fdf80000,0x0000000100000000)
 ParOldGen       total 103424K, used 86323K [0x00000000d0000000, 0x00000000d6500000, 0x00000000f0000000)
  object space 103424K, 83% used [0x00000000d0000000,0x00000000d544cde0,0x00000000d6500000)
 Metaspace       used 66685K, capacity 68372K, committed 68608K, reserved 1110016K
  class space    used 7140K, capacity 7616K, committed 7680K, reserved 1048576K
Event: 108.505 GC heap after
Heap after GC invocations=65 (full 7):
 PSYoungGen      total 219648K, used 32859K [0x00000000f0000000, 0x0000000100000000, 0x0000000100000000)
  eden space 186368K, 0% used [0x00000000f0000000,0x00000000f0000000,0x00000000fb600000)
  from space 33280K, 98% used [0x00000000fdf80000,0x00000000fff96d80,0x0000000100000000)
  to   space 37888K, 0% used [0x00000000fb600000,0x00000000fb600000,0x00000000fdb00000)
 ParOldGen       total 103424K, used 86331K [0x00000000d0000000, 0x00000000d6500000, 0x00000000f0000000)
  object space 103424K, 83% used [0x00000000d0000000,0x00000000d544ede0,0x00000000d6500000)
 Metaspace       used 66685K, capacity 68372K, committed 68608K, reserved 1110016K
  class space    used 7140K, capacity 7616K, committed 7680K, reserved 1048576K
}

