# JRE version: Java(TM) SE Runtime Environment (8.0_05-b13) (build 1.8.0_05-b13)
# Java VM: Java HotSpot(TM) 64-Bit Server VM (25.5-b02 mixed mode windows-amd64 compressed oops)
Heap:
 PSYoungGen      total 220672K, used 80254K [0x00000000f0000000, 0x0000000100000000, 0x0000000100000000)
  eden space 197632K, 28% used [0x00000000f0000000,0x00000000f37e1090,0x00000000fc100000)
  from space 23040K, 99% used [0x00000000fe980000,0x00000000ffffe9c0,0x0000000100000000)
  to   space 32256K, 0% used [0x00000000fc100000,0x00000000fc100000,0x00000000fe080000)
 ParOldGen       total 113664K, used 102961K [0x00000000d0000000, 0x00000000d6f00000, 0x00000000f0000000)
  object space 113664K, 90% used [0x00000000d0000000,0x00000000d648c530,0x00000000d6f00000)
 Metaspace       used 67373K, capacity 69214K, committed 69504K, reserved 1110016K
  class space    used 7457K, capacity 7996K, committed 8064K, reserved 1048576K
GC Heap History (10 events):
Event: 38.848 GC heap before
{Heap before GC invocations=65 (full 7):
 PSYoungGen      total 238080K, used 15841K [0x00000000f0000000, 0x0000000100000000, 0x0000000100000000)
  eden space 222208K, 0% used [0x00000000f0000000,0x00000000f0000000,0x00000000fd900000)
  from space 15872K, 99% used [0x00000000ff080000,0x00000000ffff85a8,0x0000000100000000)
  to   space 19968K, 0% used [0x00000000fd900000,0x00000000fd900000,0x00000000fec80000)
 ParOldGen       total 94720K, used 86545K [0x00000000d0000000, 0x00000000d5c80000, 0x00000000f0000000)
  object space 94720K, 91% used [0x00000000d0000000,0x00000000d5484798,0x00000000d5c80000)
 Metaspace       used 61390K, capacity 63098K, committed 63488K, reserved 1105920K
  class space    used 6604K, capacity 7090K, committed 7168K, reserved 1048576K
Event: 40.094 GC heap after
Heap after GC invocations=65 (full 7):
 PSYoungGen      total 238080K, used 5557K [0x00000000f0000000, 0x0000000100000000, 0x0000000100000000)
  eden space 222208K, 0% used [0x00000000f0000000,0x00000000f0000000,0x00000000fd900000)
  from space 15872K, 35% used [0x00000000ff080000,0x00000000ff5ed5d8,0x0000000100000000)
  to   space 19968K, 0% used [0x00000000fd900000,0x00000000fd900000,0x00000000fec80000)
 ParOldGen       total 113664K, used 94426K [0x00000000d0000000, 0x00000000d6f00000, 0x00000000f0000000)
  object space 113664K, 83% used [0x00000000d0000000,0x00000000d5c36838,0x00000000d6f00000)
 Metaspace       used 61390K, capacity 63098K, committed 63488K, reserved 1105920K
  class space    used 6604K, capacity 7090K, committed 7168K, reserved 1048576K
}
Event: 42.951 GC heap before
{Heap before GC invocations=66 (full 7):
 PSYoungGen      total 238080K, used 227765K [0x00000000f0000000, 0x0000000100000000, 0x0000000100000000)
  eden space 222208K, 100% used [0x00000000f0000000,0x00000000fd900000,0x00000000fd900000)
  from space 15872K, 35% used [0x00000000ff080000,0x00000000ff5ed5d8,0x0000000100000000)
  to   space 19968K, 0% used [0x00000000fd900000,0x00000000fd900000,0x00000000fec80000)
 ParOldGen       total 113664K, used 94426K [0x00000000d0000000, 0x00000000d6f00000, 0x00000000f0000000)
  object space 113664K, 83% used [0x00000000d0000000,0x00000000d5c36838,0x00000000d6f00000)
 Metaspace       used 62577K, capacity 64230K, committed 64640K, reserved 1105920K
  class space    used 6719K, capacity 7188K, committed 7296K, reserved 1048576K
Event: 43.023 GC heap after
Heap after GC invocations=66 (full 7):
 PSYoungGen      total 242176K, used 11522K [0x00000000f0000000, 0x0000000100000000, 0x0000000100000000)
  eden space 222208K, 0% used [0x00000000f0000000,0x00000000f0000000,0x00000000fd900000)
  from space 19968K, 57% used [0x00000000fd900000,0x00000000fe440ba8,0x00000000fec80000)
  to   space 19968K, 0% used [0x00000000fec80000,0x00000000fec80000,0x0000000100000000)
 ParOldGen       total 113664K, used 94666K [0x00000000d0000000, 0x00000000d6f00000, 0x00000000f0000000)
  object space 113664K, 83% used [0x00000000d0000000,0x00000000d5c72838,0x00000000d6f00000)
 Metaspace       used 62577K, capacity 64230K, committed 64640K, reserved 1105920K
  class space    used 6719K, capacity 7188K, committed 7296K, reserved 1048576K
}
Event: 45.727 GC heap before
{Heap before GC invocations=67 (full 7):
 PSYoungGen      total 242176K, used 233547K [0x00000000f0000000, 0x0000000100000000, 0x0000000100000000)
  eden space 222208K, 99% used [0x00000000f0000000,0x00000000fd8d22b0,0x00000000fd900000)
  from space 19968K, 57% used [0x00000000fd900000,0x00000000fe440ba8,0x00000000fec80000)
  to   space 19968K, 0% used [0x00000000fec80000,0x00000000fec80000,0x0000000100000000)
 ParOldGen       total 113664K, used 94666K [0x00000000d0000000, 0x00000000d6f00000, 0x00000000f0000000)
  object space 113664K, 83% used [0x00000000d0000000,0x00000000d5c72838,0x00000000d6f00000)
 Metaspace       used 64486K, capacity 66194K, committed 66688K, reserved 1107968K
  class space    used 6987K, capacity 7478K, committed 7552K, reserved 1048576K
Event: 45.756 GC heap after
Heap after GC invocations=67 (full 7):
 PSYoungGen      total 236032K, used 19606K [0x00000000f0000000, 0x0000000100000000, 0x0000000100000000)
  eden space 216064K, 0% used [0x00000000f0000000,0x00000000f0000000,0x00000000fd300000)
  from space 19968K, 98% used [0x00000000fec80000,0x00000000fffa5928,0x0000000100000000)
  to   space 23040K, 0% used [0x00000000fd300000,0x00000000fd300000,0x00000000fe980000)
 ParOldGen       total 113664K, used 94674K [0x00000000d0000000, 0x00000000d6f00000, 0x00000000f0000000)
  object space 113664K, 83% used [0x00000000d0000000,0x00000000d5c74838,0x00000000d6f00000)
 Metaspace       used 64486K, capacity 66194K, committed 66688K, reserved 1107968K
  class space    used 6987K, capacity 7478K, committed 7552K, reserved 1048576K
}
Event: 48.085 GC heap before
{Heap before GC invocations=68 (full 7):
 PSYoungGen      total 236032K, used 226021K [0x00000000f0000000, 0x0000000100000000, 0x0000000100000000)
  eden space 216064K, 95% used [0x00000000f0000000,0x00000000fc993c28,0x00000000fd300000)
  from space 19968K, 98% used [0x00000000fec80000,0x00000000fffa5928,0x0000000100000000)
  to   space 23040K, 0% used [0x00000000fd300000,0x00000000fd300000,0x00000000fe980000)
 ParOldGen       total 113664K, used 94674K [0x00000000d0000000, 0x00000000d6f00000, 0x00000000f0000000)
  object space 113664K, 83% used [0x00000000d0000000,0x00000000d5c74838,0x00000000d6f00000)
 Metaspace       used 65838K, capacity 67674K, committed 67968K, reserved 1110016K
  class space    used 7202K, capacity 7741K, committed 7808K, reserved 1048576K
Event: 48.169 GC heap after
Heap after GC invocations=68 (full 7):
 PSYoungGen      total 239104K, used 23009K [0x00000000f0000000, 0x0000000100000000, 0x0000000100000000)
  eden space 216064K, 0% used [0x00000000f0000000,0x00000000f0000000,0x00000000fd300000)
  from space 23040K, 99% used [0x00000000fd300000,0x00000000fe978640,0x00000000fe980000)
  to   space 23040K, 0% used [0x00000000fe980000,0x00000000fe980000,0x0000000100000000)
 ParOldGen       total 113664K, used 99083K [0x00000000d0000000, 0x00000000d6f00000, 0x00000000f0000000)
  object space 113664K, 87% used [0x00000000d0000000,0x00000000d60c2ea0,0x00000000d6f00000)
 Metaspace       used 65838K, capacity 67674K, committed 67968K, reserved 1110016K
  class space    used 7202K, capacity 7741K, committed 7808K, reserved 1048576K
}
Event: 49.168 GC heap before
{Heap before GC invocations=69 (full 7):
 PSYoungGen      total 239104K, used 239073K [0x00000000f0000000, 0x0000000100000000, 0x0000000100000000)
  eden space 216064K, 100% used [0x00000000f0000000,0x00000000fd300000,0x00000000fd300000)
  from space 23040K, 99% used [0x00000000fd300000,0x00000000fe978640,0x00000000fe980000)
  to   space 23040K, 0% used [0x00000000fe980000,0x00000000fe980000,0x0000000100000000)
 ParOldGen       total 113664K, used 99083K [0x00000000d0000000, 0x00000000d6f00000, 0x00000000f0000000)
  object space 113664K, 87% used [0x00000000d0000000,0x00000000d60c2ea0,0x00000000d6f00000)
 Metaspace       used 66998K, capacity 68798K, committed 68864K, reserved 1110016K
  class space    used 7382K, capacity 7900K, committed 7936K, reserved 1048576K
Event: 49.239 GC heap after
Heap after GC invocations=69 (full 7):
 PSYoungGen      total 220672K, used 23034K [0x00000000f0000000, 0x0000000100000000, 0x0000000100000000)
  eden space 197632K, 0% used [0x00000000f0000000,0x00000000f0000000,0x00000000fc100000)
  from space 23040K, 99% used [0x00000000fe980000,0x00000000ffffe9c0,0x0000000100000000)
  to   space 32256K, 0% used [0x00000000fc100000,0x00000000fc100000,0x00000000fe080000)
 ParOldGen       total 113664K, used 102961K [0x00000000d0000000, 0x00000000d6f00000, 0x00000000f0000000)
  object space 113664K, 90% used [0x00000000d0000000,0x00000000d648c530,0x00000000d6f00000)
 Metaspace       used 66998K, capacity 68798K, committed 68864K, reserved 1110016K
  class space    used 7382K, capacity 7900K, committed 7936K, reserved 1048576K
}

