# JRE version: Java(TM) SE Runtime Environment (8.0_05-b13) (build 1.8.0_05-b13)
# Java VM: Java HotSpot(TM) 64-Bit Server VM (25.5-b02 mixed mode windows-amd64 compressed oops)
Heap:
 PSYoungGen      total 213504K, used 59400K [0x00000000f0000000, 0x0000000100000000, 0x0000000100000000)
  eden space 186368K, 18% used [0x00000000f0000000,0x00000000f21a7e08,0x00000000fb600000)
  from space 27136K, 91% used [0x00000000fe580000,0x00000000ffdda398,0x0000000100000000)
  to   space 37888K, 0% used [0x00000000fb600000,0x00000000fb600000,0x00000000fdb00000)
 ParOldGen       total 107008K, used 90563K [0x00000000d0000000, 0x00000000d6880000, 0x00000000f0000000)
  object space 107008K, 84% used [0x00000000d0000000,0x00000000d5870eb8,0x00000000d6880000)
 Metaspace       used 64374K, capacity 66002K, committed 66140K, reserved 1107968K
  class space    used 7030K, capacity 7497K, committed 7552K, reserved 1048576K
GC Heap History (10 events):
Event: 30.270 GC heap before
{Heap before GC invocations=63 (full 6):
 PSYoungGen      total 239104K, used 230351K [0x00000000f0000000, 0x00000000ffe80000, 0x0000000100000000)
  eden space 217600K, 100% used [0x00000000f0000000,0x00000000fd480000,0x00000000fd480000)
  from space 21504K, 59% used [0x00000000fe980000,0x00000000ff5f3f10,0x00000000ffe80000)
  to   space 21504K, 0% used [0x00000000fd480000,0x00000000fd480000,0x00000000fe980000)
 ParOldGen       total 88064K, used 77442K [0x00000000d0000000, 0x00000000d5600000, 0x00000000f0000000)
  object space 88064K, 87% used [0x00000000d0000000,0x00000000d4ba0ac8,0x00000000d5600000)
 Metaspace       used 60091K, capacity 61700K, committed 62044K, reserved 1103872K
  class space    used 6470K, capacity 6925K, committed 7040K, reserved 1048576K
Event: 30.295 GC heap after
Heap after GC invocations=63 (full 6):
 PSYoungGen      total 237056K, used 19130K [0x00000000f0000000, 0x0000000100000000, 0x0000000100000000)
  eden space 217600K, 0% used [0x00000000f0000000,0x00000000f0000000,0x00000000fd480000)
  from space 19456K, 98% used [0x00000000fd480000,0x00000000fe72eaa0,0x00000000fe780000)
  to   space 23552K, 0% used [0x00000000fe900000,0x00000000fe900000,0x0000000100000000)
 ParOldGen       total 88064K, used 77450K [0x00000000d0000000, 0x00000000d5600000, 0x00000000f0000000)
  object space 88064K, 87% used [0x00000000d0000000,0x00000000d4ba2ac8,0x00000000d5600000)
 Metaspace       used 60091K, capacity 61700K, committed 62044K, reserved 1103872K
  class space    used 6470K, capacity 6925K, committed 7040K, reserved 1048576K
}
Event: 31.434 GC heap before
{Heap before GC invocations=64 (full 6):
 PSYoungGen      total 237056K, used 228998K [0x00000000f0000000, 0x0000000100000000, 0x0000000100000000)
  eden space 217600K, 96% used [0x00000000f0000000,0x00000000fccf2da0,0x00000000fd480000)
  from space 19456K, 98% used [0x00000000fd480000,0x00000000fe72eaa0,0x00000000fe780000)
  to   space 23552K, 0% used [0x00000000fe900000,0x00000000fe900000,0x0000000100000000)
 ParOldGen       total 88064K, used 77450K [0x00000000d0000000, 0x00000000d5600000, 0x00000000f0000000)
  object space 88064K, 87% used [0x00000000d0000000,0x00000000d4ba2ac8,0x00000000d5600000)
 Metaspace       used 61508K, capacity 63094K, committed 63452K, reserved 1105920K
  class space    used 6638K, capacity 7089K, committed 7168K, reserved 1048576K
Event: 31.501 GC heap after
Heap after GC invocations=64 (full 6):
 PSYoungGen      total 231424K, used 23540K [0x00000000f0000000, 0x0000000100000000, 0x0000000100000000)
  eden space 207872K, 0% used [0x00000000f0000000,0x00000000f0000000,0x00000000fcb00000)
  from space 23552K, 99% used [0x00000000fe900000,0x00000000ffffd2e0,0x0000000100000000)
  to   space 27136K, 0% used [0x00000000fcb00000,0x00000000fcb00000,0x00000000fe580000)
 ParOldGen       total 88064K, used 78175K [0x00000000d0000000, 0x00000000d5600000, 0x00000000f0000000)
  object space 88064K, 88% used [0x00000000d0000000,0x00000000d4c57cd8,0x00000000d5600000)
 Metaspace       used 61508K, capacity 63094K, committed 63452K, reserved 1105920K
  class space    used 6638K, capacity 7089K, committed 7168K, reserved 1048576K
}
Event: 33.552 GC heap before
{Heap before GC invocations=65 (full 6):
 PSYoungGen      total 231424K, used 231412K [0x00000000f0000000, 0x0000000100000000, 0x0000000100000000)
  eden space 207872K, 100% used [0x00000000f0000000,0x00000000fcb00000,0x00000000fcb00000)
  from space 23552K, 99% used [0x00000000fe900000,0x00000000ffffd2e0,0x0000000100000000)
  to   space 27136K, 0% used [0x00000000fcb00000,0x00000000fcb00000,0x00000000fe580000)
 ParOldGen       total 88064K, used 78175K [0x00000000d0000000, 0x00000000d5600000, 0x00000000f0000000)
  object space 88064K, 88% used [0x00000000d0000000,0x00000000d4c57cd8,0x00000000d5600000)
 Metaspace       used 62492K, capacity 64098K, committed 64348K, reserved 1105920K
  class space    used 6718K, capacity 7187K, committed 7296K, reserved 1048576K
Event: 33.602 GC heap after
Heap after GC invocations=65 (full 6):
 PSYoungGen      total 235008K, used 27121K [0x00000000f0000000, 0x0000000100000000, 0x0000000100000000)
  eden space 207872K, 0% used [0x00000000f0000000,0x00000000f0000000,0x00000000fcb00000)
  from space 27136K, 99% used [0x00000000fcb00000,0x00000000fe57c5d0,0x00000000fe580000)
  to   space 27136K, 0% used [0x00000000fe580000,0x00000000fe580000,0x0000000100000000)
 ParOldGen       total 88064K, used 80818K [0x00000000d0000000, 0x00000000d5600000, 0x00000000f0000000)
  object space 88064K, 91% used [0x00000000d0000000,0x00000000d4eecbe0,0x00000000d5600000)
 Metaspace       used 62492K, capacity 64098K, committed 64348K, reserved 1105920K
  class space    used 6718K, capacity 7187K, committed 7296K, reserved 1048576K
}
Event: 35.121 GC heap before
{Heap before GC invocations=66 (full 6):
 PSYoungGen      total 235008K, used 234993K [0x00000000f0000000, 0x0000000100000000, 0x0000000100000000)
  eden space 207872K, 100% used [0x00000000f0000000,0x00000000fcb00000,0x00000000fcb00000)
  from space 27136K, 99% used [0x00000000fcb00000,0x00000000fe57c5d0,0x00000000fe580000)
  to   space 27136K, 0% used [0x00000000fe580000,0x00000000fe580000,0x0000000100000000)
 ParOldGen       total 88064K, used 80818K [0x00000000d0000000, 0x00000000d5600000, 0x00000000f0000000)
  object space 88064K, 91% used [0x00000000d0000000,0x00000000d4eecbe0,0x00000000d5600000)
 Metaspace       used 64207K, capacity 65876K, committed 66140K, reserved 1107968K
  class space    used 6995K, capacity 7481K, committed 7552K, reserved 1048576K
Event: 35.199 GC heap after
Heap after GC invocations=66 (full 6):
 PSYoungGen      total 213504K, used 27105K [0x00000000f0000000, 0x0000000100000000, 0x0000000100000000)
  eden space 186368K, 0% used [0x00000000f0000000,0x00000000f0000000,0x00000000fb600000)
  from space 27136K, 99% used [0x00000000fe580000,0x00000000ffff85a0,0x0000000100000000)
  to   space 37888K, 0% used [0x00000000fb600000,0x00000000fb600000,0x00000000fdb00000)
 ParOldGen       total 90624K, used 90285K [0x00000000d0000000, 0x00000000d5880000, 0x00000000f0000000)
  object space 90624K, 99% used [0x00000000d0000000,0x00000000d582b6f8,0x00000000d5880000)
 Metaspace       used 64207K, capacity 65876K, committed 66140K, reserved 1107968K
  class space    used 6995K, capacity 7481K, committed 7552K, reserved 1048576K
}
Event: 35.199 GC heap before
{Heap before GC invocations=67 (full 7):
 PSYoungGen      total 213504K, used 27105K [0x00000000f0000000, 0x0000000100000000, 0x0000000100000000)
  eden space 186368K, 0% used [0x00000000f0000000,0x00000000f0000000,0x00000000fb600000)
  from space 27136K, 99% used [0x00000000fe580000,0x00000000ffff85a0,0x0000000100000000)
  to   space 37888K, 0% used [0x00000000fb600000,0x00000000fb600000,0x00000000fdb00000)
 ParOldGen       total 90624K, used 90285K [0x00000000d0000000, 0x00000000d5880000, 0x00000000f0000000)
  object space 90624K, 99% used [0x00000000d0000000,0x00000000d582b6f8,0x00000000d5880000)
 Metaspace       used 64207K, capacity 65876K, committed 66140K, reserved 1107968K
  class space    used 6995K, capacity 7481K, committed 7552K, reserved 1048576K
Event: 36.672 GC heap after
Heap after GC invocations=67 (full 7):
 PSYoungGen      total 213504K, used 24936K [0x00000000f0000000, 0x0000000100000000, 0x0000000100000000)
  eden space 186368K, 0% used [0x00000000f0000000,0x00000000f0000000,0x00000000fb600000)
  from space 27136K, 91% used [0x00000000fe580000,0x00000000ffdda398,0x0000000100000000)
  to   space 37888K, 0% used [0x00000000fb600000,0x00000000fb600000,0x00000000fdb00000)
 ParOldGen       total 107008K, used 90563K [0x00000000d0000000, 0x00000000d6880000, 0x00000000f0000000)
  object space 107008K, 84% used [0x00000000d0000000,0x00000000d5870eb8,0x00000000d6880000)
 Metaspace       used 64203K, capacity 65870K, committed 66140K, reserved 1107968K
  class space    used 6994K, capacity 7480K, committed 7552K, reserved 1048576K
}

